Command line:
   ROM_isim_beh.exe
     -simmode  gui
     -simrunnum  0
     -socket  50009

Wed Sep 07 07:42:48 2016


 Elaboration Time: 0.09375 sec

 Current Memory Usage: 841.421 Meg

 Total Signals          : 14
 Total Nets             : 57
 Total Signal Drivers   : 6
 Total Blocks           : 2
 Total Primitive Blocks : 2
 Total Processes        : 8
 Total Traceable Variables  : 19
 Total Scalar Nets and Variables : 165
Total Line Count : 23

 Total Simulation Time: 0.140625 sec

 Current Memory Usage: 841.421 Meg

Wed Sep 07 07:42:58 2016

